build/intermediates/manifest_merge_blame_file/debug/manifest-merger-blame-debug-report.txt
1<?xml version="1.0" encoding="utf-8"?>
2<manifest xmlns:android="http://schemas.android.com/apk/res/android"
3    package="com.pouillos.suiviseries"
4    android:versionCode="1"
5    android:versionName="1.0" >
6
7    <uses-sdk
8        android:minSdkVersion="24"
8-->src\main\AndroidManifest.xml
9        android:targetSdkVersion="28" />
9-->src\main\AndroidManifest.xml
10
11    <application
11-->src\main\AndroidManifest.xml:5:5-25:19
12        android:allowBackup="true"
12-->src\main\AndroidManifest.xml:6:9-35
13        android:appComponentFactory="androidx.core.app.CoreComponentFactory"
13-->[androidx.core:core:1.3.0] AndroidManifest.xml:24:18-86
14        android:debuggable="true"
15        android:extractNativeLibs="false"
16        android:icon="@mipmap/icons8_camera"
16-->src\main\AndroidManifest.xml:7:9-45
17        android:label="@string/app_name"
17-->src\main\AndroidManifest.xml:8:9-41
18        android:roundIcon="@mipmap/icons8_camera"
18-->src\main\AndroidManifest.xml:9:9-50
19        android:supportsRtl="true"
19-->src\main\AndroidManifest.xml:10:9-35
20        android:testOnly="true"
21        android:theme="@style/AppTheme" >
21-->src\main\AndroidManifest.xml:11:9-40
22        <activity android:name="com.pouillos.suiviseries.activities.AccueilActivity" >
22-->src\main\AndroidManifest.xml:12:9-18:20
22-->src\main\AndroidManifest.xml:12:19-61
23            <intent-filter>
23-->src\main\AndroidManifest.xml:13:13-17:29
24                <action android:name="android.intent.action.MAIN" />
24-->src\main\AndroidManifest.xml:14:17-69
24-->src\main\AndroidManifest.xml:14:25-66
25
26                <category android:name="android.intent.category.LAUNCHER" />
26-->src\main\AndroidManifest.xml:16:17-77
26-->src\main\AndroidManifest.xml:16:27-74
27            </intent-filter>
28        </activity>
29        <activity
29-->src\main\AndroidManifest.xml:19:9-20:56
30            android:name="com.pouillos.suiviseries.activities.EnregistrerSerieActivity"
30-->src\main\AndroidManifest.xml:19:19-70
31            android:windowSoftInputMode="stateHidden" />
31-->src\main\AndroidManifest.xml:20:13-54
32        <activity
32-->src\main\AndroidManifest.xml:21:9-22:56
33            android:name="com.pouillos.suiviseries.activities.AfficherSaisonActivity"
33-->src\main\AndroidManifest.xml:21:19-68
34            android:windowSoftInputMode="stateHidden" />
34-->src\main\AndroidManifest.xml:22:13-54
35        <activity
35-->src\main\AndroidManifest.xml:23:9-24:56
36            android:name="com.pouillos.suiviseries.activities.AfficherEpisodeActivity"
36-->src\main\AndroidManifest.xml:23:19-69
37            android:windowSoftInputMode="stateHidden" />
37-->src\main\AndroidManifest.xml:24:13-54
38    </application>
39
40</manifest>